<?xml version="1.0" encoding="UTF-8"?>
<coverage generated="1615152187241" clover="3.2.0">
  <project timestamp="1615152187241" name="All files">
    <metrics statements="2" coveredstatements="2" conditionals="0" coveredconditionals="0" methods="1" coveredmethods="1" elements="3" coveredelements="3" complexity="0" loc="2" ncloc="2" packages="1" files="1" classes="1"/>
    <file name="shared.tsx" path="/Users/uptonm/go/src/github.com/dechristopher/lio/ui/src/utils/shared.tsx">
      <metrics statements="2" coveredstatements="2" conditionals="0" coveredconditionals="0" methods="1" coveredmethods="1"/>
      <line num="10" count="1" type="stmt"/>
      <line num="11" count="1" type="stmt"/>
    </file>
  </project>
</coverage>
