{"/Users/uptonm/go/src/github.com/dechristopher/lio/ui/src/utils/shared.tsx": {"path":"/Users/uptonm/go/src/github.com/dechristopher/lio/ui/src/utils/shared.tsx","statementMap":{"0":{"start":{"line":11,"column":1},"end":{"line":11,"column":63}},"1":{"start":{"line":10,"column":0},"end":{"line":10,"column":16}}},"fnMap":{"0":{"name":"toNumberWithCommas","decl":{"start":{"line":10,"column":16},"end":{"line":10,"column":34}},"loc":{"start":{"line":10,"column":48},"end":{"line":12,"column":1}}}},"branchMap":{},"s":{"0":1,"1":1},"f":{"0":1},"b":{}}
}
